Using pre-set license
Built from '2020.3/release' branch; Version is '2020.3.15f2 (6cf78cb77498) revision 7141260'; Using compiler version '192528614'; Build Type 'Release'
OS: 'Windows 10 Home; OS build 19044.1586; Version 2009; 64bit' Language: 'en' Physical Memory: 15789 MB
BatchMode: 1, IsHumanControllingUs: 0, StartBugReporterOnCrash: 0, Is64bit: 1, IsPro: 0

 COMMAND LINE ARGUMENTS:
C:\Program Files\Unity\Hub\Editor\2020.3.15f2\Editor\Unity.exe
-adb2
-batchMode
-noUpm
-name
AssetImportWorker83
-projectPath
C:/Programming/Game Development/Projects/Project_R/Project_R
-logFile
Logs/AssetImportWorker83.log
-srvPort
49264
Successfully changed project path to: C:/Programming/Game Development/Projects/Project_R/Project_R
C:/Programming/Game Development/Projects/Project_R/Project_R
Using Asset Import Pipeline V2.
received signal from system: SIGSEGV
Stack trace:
0x00007ff7e6fa599c (Unity) StackWalker::GetCurrentCallstack
0x00007ff7e6fadd79 (Unity) StackWalker::ShowCallstack
0x00007ff7e84b52ac (Unity) GetStacktrace
0x00007ff7e6fa5004 (Unity) winutils::CrashHandler::DefaultSignalHandler
0x00007ff7ea3604d2 (Unity) seh_filter_exe
0x00007ff7ea72df59 (Unity) `__scrt_common_main_seh'::`1'::filt$0
0x00007ff7ea32e0b8 (Unity) _C_specific_handler
0x00007ffcfe7f20cf (ntdll) _chkstk
0x00007ffcfe7a1454 (ntdll) RtlRaiseException
0x00007ffcfe7f0bfe (ntdll) KiUserExceptionDispatcher
0x00007ff7e865c1bd (Unity) SyncAssetFoldersWithDB
0x00007ff7e8642ce9 (Unity) InitializeAssetDatabaseV2
0x00007ff7e8594cc5 (Unity) AssetDatabase::InitializeAssetDatabase
0x00007ff7e7b2bd20 (Unity) Application::InitializeProject
0x00007ff7e84c2812 (Unity) WinMain
0x00007ff7ea30b016 (Unity) __scrt_common_main_seh
0x00007ffcfc9b7034 (KERNEL32) BaseThreadInitThunk
0x00007ffcfe7a2651 (ntdll) RtlUserThreadStart

